00000000 00001D00 loop: ldc count
00000001 00000004 ldnl 0
00000002 00001810 brlz done
00000003 00001E00 ldc array
00000004 00000006 add 
00000005 00000004 ldnl 0
00000006 00001C00 ldc maxi
00000007 00000004 ldnl 0
00000008 00000007 sub 
00000009 00000B10 brlz continue
0000000A 00001C00 ldc maxi
0000000B 00000004 ldnl 0
0000000C 00000006 add 
0000000D 00001C00 ldc maxi
0000000E 00000005 stnl 0
0000000F 00001D00 ldc count
00000010 00000004 ldnl 0
00000011 FFFFFF01 adc -1
00000012 00001D00 ldc count
00000013 00000005 stnl 0
00000014 FFFFEB11 br loop
00000015 00001D00 continue: ldc count
00000016 00000004 ldnl 0
00000017 FFFFFF01 adc -1
00000018 00001D00 ldc count
00000019 00000005 stnl 0
0000001A FFFFE511 br loop
0000001B 00000012 done: HALT 
0000001C 00000000 maxi: data 0
0000001D 00000009 count: data 9
0000001E 00000006 array: data 6
0000001F 00000004 data 4
00000020 00000007 data 7
00000021 0000000A data 10
00000022 00000008 data 8
00000023 00000005 data 5
00000024 00000009 data 9
00000025 00000002 data 2
00000026 00000001 data 1
00000027 00000003 data 3
